2024-10-05 16:51:29,324 - __main__ - INFO - Initializing ALPHA Zero System...
2024-10-05 16:51:29,324 - __main__ - INFO - Initializing handlers...
2024-10-05 16:51:29,399 - comtypes.client._code_cache - INFO - Imported existing <module 'comtypes.gen' from 'C:\\project\\ALPHA-Zero\\venv\\lib\\site-packages\\comtypes\\gen\\__init__.py'>
2024-10-05 16:51:29,400 - comtypes.client._code_cache - INFO - Using writeable comtypes cache directory: 'C:\project\ALPHA-Zero\venv\lib\site-packages\comtypes\gen'
2024-10-05 16:51:29,949 - __main__ - ERROR - Traceback (most recent call last):
  File "C:\project\ALPHA-Zero\audio_handler.py", line 70, in find_external_microphone
    self.logger.warning("No external microphone found, using default device")
AttributeError: 'AudioHandler' object has no attribute 'logger'

During handling of the above exception, another exception occurred:

Traceback (most recent call last):
  File "C:\project\ALPHA-Zero\main.py", line 93, in main
    audio_handler = AudioHandler(device_index=EXTERNAL_MIC_INDEX)
  File "C:\project\ALPHA-Zero\audio_handler.py", line 24, in __init__
    self.device_index = device_index if device_index is not None else self.find_external_microphone()
  File "C:\project\ALPHA-Zero\audio_handler.py", line 74, in find_external_microphone
    self.logger.error(f"Error finding external microphone: {e}")
AttributeError: 'AudioHandler' object has no attribute 'logger'

2024-10-05 16:51:29,951 - __main__ - INFO - 
Cleaning up resources...
2024-10-05 17:10:25,079 - __main__ - INFO - Initializing ALPHA Zero System...
2024-10-05 17:10:25,079 - __main__ - INFO - Initializing handlers...
2024-10-05 17:10:25,131 - comtypes.client._code_cache - INFO - Imported existing <module 'comtypes.gen' from 'C:\\project\\ALPHA-Zero\\venv\\lib\\site-packages\\comtypes\\gen\\__init__.py'>
2024-10-05 17:10:25,131 - comtypes.client._code_cache - INFO - Using writeable comtypes cache directory: 'C:\project\ALPHA-Zero\venv\lib\site-packages\comtypes\gen'
2024-10-05 17:10:25,622 - __main__ - ERROR - Traceback (most recent call last):
  File "C:\project\ALPHA-Zero\audio_handler.py", line 70, in find_external_microphone
    self.logger.warning("No external microphone found, using default device")
AttributeError: 'AudioHandler' object has no attribute 'logger'

During handling of the above exception, another exception occurred:

Traceback (most recent call last):
  File "C:\project\ALPHA-Zero\main.py", line 93, in main
    audio_handler = AudioHandler(device_index=EXTERNAL_MIC_INDEX)
  File "C:\project\ALPHA-Zero\audio_handler.py", line 24, in __init__
    self.device_index = device_index if device_index is not None else self.find_external_microphone()
  File "C:\project\ALPHA-Zero\audio_handler.py", line 74, in find_external_microphone
    self.logger.error(f"Error finding external microphone: {e}")
AttributeError: 'AudioHandler' object has no attribute 'logger'

2024-10-05 17:10:25,624 - __main__ - INFO - 
Cleaning up resources...
2024-10-05 17:35:56,566 - __main__ - INFO - Initializing ALPHA Zero System...
2024-10-05 17:35:56,568 - __main__ - INFO - Initializing handlers...
2024-10-05 17:35:56,664 - comtypes.client._code_cache - INFO - Imported existing <module 'comtypes.gen' from 'C:\\project\\ALPHA-Zero\\venv\\lib\\site-packages\\comtypes\\gen\\__init__.py'>
2024-10-05 17:35:56,665 - comtypes.client._code_cache - INFO - Using writeable comtypes cache directory: 'C:\project\ALPHA-Zero\venv\lib\site-packages\comtypes\gen'
2024-10-05 17:35:57,293 - __main__ - ERROR - Traceback (most recent call last):
  File "C:\project\ALPHA-Zero\audio_handler.py", line 70, in find_external_microphone
    self.logger.warning("No external microphone found, using default device")
AttributeError: 'AudioHandler' object has no attribute 'logger'

During handling of the above exception, another exception occurred:

Traceback (most recent call last):
  File "C:\project\ALPHA-Zero\main.py", line 90, in main
    audio_handler = AudioHandler(device_index=EXTERNAL_MIC_INDEX)
  File "C:\project\ALPHA-Zero\audio_handler.py", line 24, in __init__
    self.device_index = device_index if device_index is not None else self.find_external_microphone()
  File "C:\project\ALPHA-Zero\audio_handler.py", line 74, in find_external_microphone
    self.logger.error(f"Error finding external microphone: {e}")
AttributeError: 'AudioHandler' object has no attribute 'logger'

2024-10-05 17:35:57,303 - __main__ - INFO - 
Cleaning up resources...
2024-10-05 17:42:32,638 - __main__ - INFO - Initializing ALPHA Zero System...
2024-10-05 17:42:32,639 - __main__ - INFO - Initializing handlers...
2024-10-05 17:42:32,712 - comtypes.client._code_cache - INFO - Imported existing <module 'comtypes.gen' from 'C:\\project\\ALPHA-Zero\\venv\\lib\\site-packages\\comtypes\\gen\\__init__.py'>
2024-10-05 17:42:32,713 - comtypes.client._code_cache - INFO - Using writeable comtypes cache directory: 'C:\project\ALPHA-Zero\venv\lib\site-packages\comtypes\gen'
2024-10-05 17:42:33,153 - __main__ - ERROR - Traceback (most recent call last):
  File "C:\project\ALPHA-Zero\audio_handler.py", line 70, in find_external_microphone
    self.logger.warning("No external microphone found, using default device")
AttributeError: 'AudioHandler' object has no attribute 'logger'

During handling of the above exception, another exception occurred:

Traceback (most recent call last):
  File "C:\project\ALPHA-Zero\main.py", line 85, in main
    audio_handler = AudioHandler(device_index=EXTERNAL_MIC_INDEX)
  File "C:\project\ALPHA-Zero\audio_handler.py", line 24, in __init__
    self.device_index = device_index if device_index is not None else self.find_external_microphone()
  File "C:\project\ALPHA-Zero\audio_handler.py", line 74, in find_external_microphone
    self.logger.error(f"Error finding external microphone: {e}")
AttributeError: 'AudioHandler' object has no attribute 'logger'

2024-10-05 17:42:33,154 - __main__ - INFO - 
Cleaning up resources...
2024-10-05 18:29:05,580 - __main__ - INFO - Initializing ALPHA Zero System...
2024-10-05 18:29:05,580 - __main__ - INFO - Initializing handlers...
2024-10-05 18:29:05,721 - comtypes.client._code_cache - INFO - Imported existing <module 'comtypes.gen' from 'C:\\project\\ALPHA-Zero\\venv\\lib\\site-packages\\comtypes\\gen\\__init__.py'>
2024-10-05 18:29:05,721 - comtypes.client._code_cache - INFO - Using writeable comtypes cache directory: 'C:\project\ALPHA-Zero\venv\lib\site-packages\comtypes\gen'
2024-10-05 18:29:06,410 - audio_handler - WARNING - No external microphone found, using default device
2024-10-05 18:29:06,601 - audio_handler - INFO - Adjusting for ambient noise...
2024-10-05 18:29:08,629 - audio_handler - INFO - Ambient noise adjustment complete
2024-10-05 18:29:10,611 - __main__ - INFO - System initialization complete!
2024-10-05 18:29:10,616 - __main__ - INFO - Listening for wake word 'alpha'...
2024-10-05 18:29:10,741 - audio_handler - INFO - Listening for wake word...
2024-10-05 18:29:15,719 - __main__ - INFO - Detected speech: alpha
2024-10-05 18:29:15,719 - __main__ - INFO - Wake word detected! Starting processing pipeline...
2024-10-05 18:29:15,719 - __main__ - INFO - 
1. Capturing image...
2024-10-05 18:29:16,519 - __main__ - INFO - 
2. Detecting and processing text...
2024-10-05 18:29:17,518 - __main__ - INFO - 
3. Detecting objects...
2024-10-05 18:29:40,123 - audio_handler - INFO - Listening for speech...
2024-10-05 18:29:43,082 - audio_handler - WARNING - Speech recognition could not understand the audio
2024-10-05 18:29:47,719 - audio_handler - INFO - Listening for speech...
2024-10-05 18:29:50,982 - audio_handler - INFO - Transcribed text: cylindrical shape right
2024-10-05 18:30:36,867 - __main__ - INFO - Shutdown initiated by user...
2024-10-05 18:30:36,867 - __main__ - INFO - 
Cleaning up resources...
2024-10-05 18:30:36,904 - audio_handler - INFO - Audio resources cleaned up successfully
2024-10-05 18:30:37,343 - __main__ - INFO - System shutdown complete!
2024-10-05 18:33:47,531 - __main__ - INFO - Initializing ALPHA Zero System...
2024-10-05 18:33:47,531 - __main__ - INFO - Initializing handlers...
2024-10-05 18:33:47,602 - comtypes.client._code_cache - INFO - Imported existing <module 'comtypes.gen' from 'C:\\project\\ALPHA-Zero\\venv\\lib\\site-packages\\comtypes\\gen\\__init__.py'>
2024-10-05 18:33:47,617 - comtypes.client._code_cache - INFO - Using writeable comtypes cache directory: 'C:\project\ALPHA-Zero\venv\lib\site-packages\comtypes\gen'
2024-10-05 18:33:48,021 - audio_handler - WARNING - No external microphone found, using default device
2024-10-05 18:33:48,141 - audio_handler - INFO - Adjusting for ambient noise...
2024-10-05 18:33:50,155 - audio_handler - INFO - Ambient noise adjustment complete
2024-10-05 18:33:51,666 - __main__ - INFO - System initialization complete!
2024-10-05 18:33:51,666 - __main__ - INFO - Listening for wake word 'alpha'...
2024-10-05 18:33:51,976 - audio_handler - INFO - Listening for wake word...
2024-10-05 18:33:56,808 - __main__ - INFO - Detected speech: alpha
2024-10-05 18:33:56,808 - __main__ - INFO - Wake word detected! Starting processing pipeline...
2024-10-05 18:33:56,808 - __main__ - INFO - 
1. Capturing image...
2024-10-05 18:33:57,550 - __main__ - INFO - 
2. Detecting and processing text...
2024-10-05 18:33:58,013 - __main__ - INFO - 
3. Detecting objects...
2024-10-05 18:34:12,721 - audio_handler - INFO - Listening for speech...
2024-10-05 18:34:17,395 - audio_handler - WARNING - Speech recognition could not understand the audio
2024-10-05 18:34:21,937 - audio_handler - INFO - Listening for speech...
2024-10-05 18:34:26,716 - audio_handler - INFO - Transcribed text: exit
2024-10-05 18:34:26,716 - __main__ - INFO - Resuming wake word detection...
2024-10-05 18:34:26,926 - audio_handler - INFO - Listening for wake word...
2024-10-05 18:34:33,573 - __main__ - INFO - Detected speech: alpha
2024-10-05 18:34:33,573 - __main__ - INFO - Wake word detected! Starting processing pipeline...
2024-10-05 18:34:33,589 - __main__ - INFO - 
1. Capturing image...
2024-10-05 18:34:33,598 - __main__ - INFO - 
2. Detecting and processing text...
2024-10-05 18:34:34,047 - __main__ - INFO - 
3. Detecting objects...
2024-10-05 18:34:39,227 - audio_handler - INFO - Listening for speech...
2024-10-05 18:34:45,443 - audio_handler - WARNING - Speech recognition could not understand the audio
2024-10-05 18:34:49,993 - audio_handler - INFO - Listening for speech...
2024-10-05 18:34:55,644 - audio_handler - INFO - Transcribed text: exit
2024-10-05 18:34:55,644 - __main__ - INFO - Resuming wake word detection...
2024-10-05 18:34:55,840 - audio_handler - INFO - Listening for wake word...
2024-10-05 18:35:02,544 - __main__ - INFO - Detected speech: alpha
2024-10-05 18:35:02,558 - __main__ - INFO - Wake word detected! Starting processing pipeline...
2024-10-05 18:35:02,558 - __main__ - INFO - 
1. Capturing image...
2024-10-05 18:35:02,576 - __main__ - INFO - 
2. Detecting and processing text...
2024-10-05 18:35:03,031 - __main__ - INFO - 
3. Detecting objects...
2024-10-05 18:35:14,359 - audio_handler - INFO - Listening for speech...
2024-10-05 18:35:33,176 - audio_handler - INFO - Transcribed text: computer basic
2024-10-05 18:36:05,603 - audio_handler - INFO - Listening for speech...
2024-10-05 18:36:12,576 - audio_handler - INFO - Transcribed text: it's cylinder
2024-10-05 18:36:50,460 - __main__ - INFO - Shutdown initiated by user...
2024-10-05 18:36:50,460 - __main__ - INFO - 
Cleaning up resources...
2024-10-05 18:36:51,122 - audio_handler - INFO - Audio resources cleaned up successfully
2024-10-05 18:36:51,496 - __main__ - INFO - System shutdown complete!
2024-10-05 18:39:01,833 - __main__ - INFO - Initializing ALPHA Zero System...
2024-10-05 18:39:01,833 - __main__ - INFO - Initializing handlers...
2024-10-05 18:39:01,896 - comtypes.client._code_cache - INFO - Imported existing <module 'comtypes.gen' from 'C:\\project\\ALPHA-Zero\\venv\\lib\\site-packages\\comtypes\\gen\\__init__.py'>
2024-10-05 18:39:01,896 - comtypes.client._code_cache - INFO - Using writeable comtypes cache directory: 'C:\project\ALPHA-Zero\venv\lib\site-packages\comtypes\gen'
2024-10-05 18:39:02,279 - audio_handler - WARNING - No external microphone found, using default device
2024-10-05 18:39:02,422 - audio_handler - INFO - Adjusting for ambient noise...
2024-10-05 18:39:04,428 - audio_handler - INFO - Ambient noise adjustment complete
2024-10-05 18:39:21,774 - __main__ - INFO - System initialization complete!
2024-10-05 18:39:21,774 - __main__ - INFO - Listening for wake word 'alpha'...
2024-10-05 18:39:22,061 - audio_handler - INFO - Listening for wake word...
2024-10-05 18:39:33,309 - __main__ - INFO - Detected speech: alpha alpha
2024-10-05 18:39:33,309 - __main__ - INFO - Wake word detected! Starting processing pipeline...
2024-10-05 18:39:33,309 - __main__ - INFO - 
1. Capturing image...
2024-10-05 18:39:34,051 - __main__ - INFO - 
2. Detecting and processing text...
2024-10-05 18:39:34,576 - __main__ - INFO - 
3. Detecting objects...
2024-10-05 18:39:52,816 - audio_handler - INFO - Listening for speech...
2024-10-05 18:40:01,667 - audio_handler - INFO - Transcribed text: exit
2024-10-05 18:40:01,667 - __main__ - INFO - Resuming wake word detection...
2024-10-05 18:40:01,876 - audio_handler - INFO - Listening for wake word...
2024-10-05 18:40:15,798 - __main__ - INFO - Detected speech: alpha
2024-10-05 18:40:15,798 - __main__ - INFO - Wake word detected! Starting processing pipeline...
2024-10-05 18:40:15,798 - __main__ - INFO - 
1. Capturing image...
2024-10-05 18:40:15,818 - __main__ - INFO - 
2. Detecting and processing text...
2024-10-05 18:40:16,275 - __main__ - INFO - 
3. Detecting objects...
2024-10-05 18:40:25,950 - audio_handler - INFO - Listening for speech...
2024-10-05 18:41:08,639 - audio_handler - INFO - Transcribed text: now go on to the text conversation option
2024-10-05 18:41:26,107 - audio_handler - INFO - Listening for speech...
2024-10-05 18:42:49,496 - audio_handler - INFO - Transcribed text: Masi picture Golpo
2024-10-05 18:43:18,166 - audio_handler - INFO - Listening for speech...
2024-10-05 18:47:45,352 - __main__ - INFO - Shutdown initiated by user...
2024-10-05 18:47:45,352 - __main__ - INFO - 
Cleaning up resources...
2024-10-05 18:47:45,365 - audio_handler - INFO - Audio resources cleaned up successfully
2024-10-05 18:47:45,773 - __main__ - INFO - System shutdown complete!
