2024-10-05 16:51:29,324 - __main__ - INFO - Initializing ALPHA Zero System...
2024-10-05 16:51:29,324 - __main__ - INFO - Initializing handlers...
2024-10-05 16:51:29,399 - comtypes.client._code_cache - INFO - Imported existing <module 'comtypes.gen' from 'C:\\project\\ALPHA-Zero\\venv\\lib\\site-packages\\comtypes\\gen\\__init__.py'>
2024-10-05 16:51:29,400 - comtypes.client._code_cache - INFO - Using writeable comtypes cache directory: 'C:\project\ALPHA-Zero\venv\lib\site-packages\comtypes\gen'
2024-10-05 16:51:29,949 - __main__ - ERROR - Traceback (most recent call last):
  File "C:\project\ALPHA-Zero\audio_handler.py", line 70, in find_external_microphone
    self.logger.warning("No external microphone found, using default device")
AttributeError: 'AudioHandler' object has no attribute 'logger'

During handling of the above exception, another exception occurred:

Traceback (most recent call last):
  File "C:\project\ALPHA-Zero\main.py", line 93, in main
    audio_handler = AudioHandler(device_index=EXTERNAL_MIC_INDEX)
  File "C:\project\ALPHA-Zero\audio_handler.py", line 24, in __init__
    self.device_index = device_index if device_index is not None else self.find_external_microphone()
  File "C:\project\ALPHA-Zero\audio_handler.py", line 74, in find_external_microphone
    self.logger.error(f"Error finding external microphone: {e}")
AttributeError: 'AudioHandler' object has no attribute 'logger'

2024-10-05 16:51:29,951 - __main__ - INFO - 
Cleaning up resources...
2024-10-05 17:10:25,079 - __main__ - INFO - Initializing ALPHA Zero System...
2024-10-05 17:10:25,079 - __main__ - INFO - Initializing handlers...
2024-10-05 17:10:25,131 - comtypes.client._code_cache - INFO - Imported existing <module 'comtypes.gen' from 'C:\\project\\ALPHA-Zero\\venv\\lib\\site-packages\\comtypes\\gen\\__init__.py'>
2024-10-05 17:10:25,131 - comtypes.client._code_cache - INFO - Using writeable comtypes cache directory: 'C:\project\ALPHA-Zero\venv\lib\site-packages\comtypes\gen'
2024-10-05 17:10:25,622 - __main__ - ERROR - Traceback (most recent call last):
  File "C:\project\ALPHA-Zero\audio_handler.py", line 70, in find_external_microphone
    self.logger.warning("No external microphone found, using default device")
AttributeError: 'AudioHandler' object has no attribute 'logger'

During handling of the above exception, another exception occurred:

Traceback (most recent call last):
  File "C:\project\ALPHA-Zero\main.py", line 93, in main
    audio_handler = AudioHandler(device_index=EXTERNAL_MIC_INDEX)
  File "C:\project\ALPHA-Zero\audio_handler.py", line 24, in __init__
    self.device_index = device_index if device_index is not None else self.find_external_microphone()
  File "C:\project\ALPHA-Zero\audio_handler.py", line 74, in find_external_microphone
    self.logger.error(f"Error finding external microphone: {e}")
AttributeError: 'AudioHandler' object has no attribute 'logger'

2024-10-05 17:10:25,624 - __main__ - INFO - 
Cleaning up resources...
2024-10-05 17:35:56,566 - __main__ - INFO - Initializing ALPHA Zero System...
2024-10-05 17:35:56,568 - __main__ - INFO - Initializing handlers...
2024-10-05 17:35:56,664 - comtypes.client._code_cache - INFO - Imported existing <module 'comtypes.gen' from 'C:\\project\\ALPHA-Zero\\venv\\lib\\site-packages\\comtypes\\gen\\__init__.py'>
2024-10-05 17:35:56,665 - comtypes.client._code_cache - INFO - Using writeable comtypes cache directory: 'C:\project\ALPHA-Zero\venv\lib\site-packages\comtypes\gen'
2024-10-05 17:35:57,293 - __main__ - ERROR - Traceback (most recent call last):
  File "C:\project\ALPHA-Zero\audio_handler.py", line 70, in find_external_microphone
    self.logger.warning("No external microphone found, using default device")
AttributeError: 'AudioHandler' object has no attribute 'logger'

During handling of the above exception, another exception occurred:

Traceback (most recent call last):
  File "C:\project\ALPHA-Zero\main.py", line 90, in main
    audio_handler = AudioHandler(device_index=EXTERNAL_MIC_INDEX)
  File "C:\project\ALPHA-Zero\audio_handler.py", line 24, in __init__
    self.device_index = device_index if device_index is not None else self.find_external_microphone()
  File "C:\project\ALPHA-Zero\audio_handler.py", line 74, in find_external_microphone
    self.logger.error(f"Error finding external microphone: {e}")
AttributeError: 'AudioHandler' object has no attribute 'logger'

2024-10-05 17:35:57,303 - __main__ - INFO - 
Cleaning up resources...
2024-10-05 17:42:32,638 - __main__ - INFO - Initializing ALPHA Zero System...
2024-10-05 17:42:32,639 - __main__ - INFO - Initializing handlers...
2024-10-05 17:42:32,712 - comtypes.client._code_cache - INFO - Imported existing <module 'comtypes.gen' from 'C:\\project\\ALPHA-Zero\\venv\\lib\\site-packages\\comtypes\\gen\\__init__.py'>
2024-10-05 17:42:32,713 - comtypes.client._code_cache - INFO - Using writeable comtypes cache directory: 'C:\project\ALPHA-Zero\venv\lib\site-packages\comtypes\gen'
2024-10-05 17:42:33,153 - __main__ - ERROR - Traceback (most recent call last):
  File "C:\project\ALPHA-Zero\audio_handler.py", line 70, in find_external_microphone
    self.logger.warning("No external microphone found, using default device")
AttributeError: 'AudioHandler' object has no attribute 'logger'

During handling of the above exception, another exception occurred:

Traceback (most recent call last):
  File "C:\project\ALPHA-Zero\main.py", line 85, in main
    audio_handler = AudioHandler(device_index=EXTERNAL_MIC_INDEX)
  File "C:\project\ALPHA-Zero\audio_handler.py", line 24, in __init__
    self.device_index = device_index if device_index is not None else self.find_external_microphone()
  File "C:\project\ALPHA-Zero\audio_handler.py", line 74, in find_external_microphone
    self.logger.error(f"Error finding external microphone: {e}")
AttributeError: 'AudioHandler' object has no attribute 'logger'

2024-10-05 17:42:33,154 - __main__ - INFO - 
Cleaning up resources...
2024-10-05 18:29:05,580 - __main__ - INFO - Initializing ALPHA Zero System...
2024-10-05 18:29:05,580 - __main__ - INFO - Initializing handlers...
2024-10-05 18:29:05,721 - comtypes.client._code_cache - INFO - Imported existing <module 'comtypes.gen' from 'C:\\project\\ALPHA-Zero\\venv\\lib\\site-packages\\comtypes\\gen\\__init__.py'>
2024-10-05 18:29:05,721 - comtypes.client._code_cache - INFO - Using writeable comtypes cache directory: 'C:\project\ALPHA-Zero\venv\lib\site-packages\comtypes\gen'
2024-10-05 18:29:06,410 - audio_handler - WARNING - No external microphone found, using default device
2024-10-05 18:29:06,601 - audio_handler - INFO - Adjusting for ambient noise...
2024-10-05 18:29:08,629 - audio_handler - INFO - Ambient noise adjustment complete
2024-10-05 18:29:10,611 - __main__ - INFO - System initialization complete!
2024-10-05 18:29:10,616 - __main__ - INFO - Listening for wake word 'alpha'...
2024-10-05 18:29:10,741 - audio_handler - INFO - Listening for wake word...
2024-10-05 18:29:15,719 - __main__ - INFO - Detected speech: alpha
2024-10-05 18:29:15,719 - __main__ - INFO - Wake word detected! Starting processing pipeline...
2024-10-05 18:29:15,719 - __main__ - INFO - 
1. Capturing image...
2024-10-05 18:29:16,519 - __main__ - INFO - 
2. Detecting and processing text...
2024-10-05 18:29:17,518 - __main__ - INFO - 
3. Detecting objects...
2024-10-05 18:29:40,123 - audio_handler - INFO - Listening for speech...
2024-10-05 18:29:43,082 - audio_handler - WARNING - Speech recognition could not understand the audio
2024-10-05 18:29:47,719 - audio_handler - INFO - Listening for speech...
2024-10-05 18:29:50,982 - audio_handler - INFO - Transcribed text: cylindrical shape right
2024-10-05 18:30:36,867 - __main__ - INFO - Shutdown initiated by user...
2024-10-05 18:30:36,867 - __main__ - INFO - 
Cleaning up resources...
2024-10-05 18:30:36,904 - audio_handler - INFO - Audio resources cleaned up successfully
2024-10-05 18:30:37,343 - __main__ - INFO - System shutdown complete!
2024-10-05 18:33:47,531 - __main__ - INFO - Initializing ALPHA Zero System...
2024-10-05 18:33:47,531 - __main__ - INFO - Initializing handlers...
2024-10-05 18:33:47,602 - comtypes.client._code_cache - INFO - Imported existing <module 'comtypes.gen' from 'C:\\project\\ALPHA-Zero\\venv\\lib\\site-packages\\comtypes\\gen\\__init__.py'>
2024-10-05 18:33:47,617 - comtypes.client._code_cache - INFO - Using writeable comtypes cache directory: 'C:\project\ALPHA-Zero\venv\lib\site-packages\comtypes\gen'
2024-10-05 18:33:48,021 - audio_handler - WARNING - No external microphone found, using default device
2024-10-05 18:33:48,141 - audio_handler - INFO - Adjusting for ambient noise...
2024-10-05 18:33:50,155 - audio_handler - INFO - Ambient noise adjustment complete
2024-10-05 18:33:51,666 - __main__ - INFO - System initialization complete!
2024-10-05 18:33:51,666 - __main__ - INFO - Listening for wake word 'alpha'...
2024-10-05 18:33:51,976 - audio_handler - INFO - Listening for wake word...
2024-10-05 18:33:56,808 - __main__ - INFO - Detected speech: alpha
2024-10-05 18:33:56,808 - __main__ - INFO - Wake word detected! Starting processing pipeline...
2024-10-05 18:33:56,808 - __main__ - INFO - 
1. Capturing image...
2024-10-05 18:33:57,550 - __main__ - INFO - 
2. Detecting and processing text...
2024-10-05 18:33:58,013 - __main__ - INFO - 
3. Detecting objects...
2024-10-05 18:34:12,721 - audio_handler - INFO - Listening for speech...
2024-10-05 18:34:17,395 - audio_handler - WARNING - Speech recognition could not understand the audio
2024-10-05 18:34:21,937 - audio_handler - INFO - Listening for speech...
2024-10-05 18:34:26,716 - audio_handler - INFO - Transcribed text: exit
2024-10-05 18:34:26,716 - __main__ - INFO - Resuming wake word detection...
2024-10-05 18:34:26,926 - audio_handler - INFO - Listening for wake word...
2024-10-05 18:34:33,573 - __main__ - INFO - Detected speech: alpha
2024-10-05 18:34:33,573 - __main__ - INFO - Wake word detected! Starting processing pipeline...
2024-10-05 18:34:33,589 - __main__ - INFO - 
1. Capturing image...
2024-10-05 18:34:33,598 - __main__ - INFO - 
2. Detecting and processing text...
2024-10-05 18:34:34,047 - __main__ - INFO - 
3. Detecting objects...
2024-10-05 18:34:39,227 - audio_handler - INFO - Listening for speech...
2024-10-05 18:34:45,443 - audio_handler - WARNING - Speech recognition could not understand the audio
2024-10-05 18:34:49,993 - audio_handler - INFO - Listening for speech...
2024-10-05 18:34:55,644 - audio_handler - INFO - Transcribed text: exit
2024-10-05 18:34:55,644 - __main__ - INFO - Resuming wake word detection...
2024-10-05 18:34:55,840 - audio_handler - INFO - Listening for wake word...
2024-10-05 18:35:02,544 - __main__ - INFO - Detected speech: alpha
2024-10-05 18:35:02,558 - __main__ - INFO - Wake word detected! Starting processing pipeline...
2024-10-05 18:35:02,558 - __main__ - INFO - 
1. Capturing image...
2024-10-05 18:35:02,576 - __main__ - INFO - 
2. Detecting and processing text...
2024-10-05 18:35:03,031 - __main__ - INFO - 
3. Detecting objects...
2024-10-05 18:35:14,359 - audio_handler - INFO - Listening for speech...
2024-10-05 18:35:33,176 - audio_handler - INFO - Transcribed text: computer basic
2024-10-05 18:36:05,603 - audio_handler - INFO - Listening for speech...
2024-10-05 18:36:12,576 - audio_handler - INFO - Transcribed text: it's cylinder
2024-10-05 18:36:50,460 - __main__ - INFO - Shutdown initiated by user...
2024-10-05 18:36:50,460 - __main__ - INFO - 
Cleaning up resources...
2024-10-05 18:36:51,122 - audio_handler - INFO - Audio resources cleaned up successfully
2024-10-05 18:36:51,496 - __main__ - INFO - System shutdown complete!
2024-10-05 18:39:01,833 - __main__ - INFO - Initializing ALPHA Zero System...
2024-10-05 18:39:01,833 - __main__ - INFO - Initializing handlers...
2024-10-05 18:39:01,896 - comtypes.client._code_cache - INFO - Imported existing <module 'comtypes.gen' from 'C:\\project\\ALPHA-Zero\\venv\\lib\\site-packages\\comtypes\\gen\\__init__.py'>
2024-10-05 18:39:01,896 - comtypes.client._code_cache - INFO - Using writeable comtypes cache directory: 'C:\project\ALPHA-Zero\venv\lib\site-packages\comtypes\gen'
2024-10-05 18:39:02,279 - audio_handler - WARNING - No external microphone found, using default device
2024-10-05 18:39:02,422 - audio_handler - INFO - Adjusting for ambient noise...
2024-10-05 18:39:04,428 - audio_handler - INFO - Ambient noise adjustment complete
2024-10-05 18:39:21,774 - __main__ - INFO - System initialization complete!
2024-10-05 18:39:21,774 - __main__ - INFO - Listening for wake word 'alpha'...
2024-10-05 18:39:22,061 - audio_handler - INFO - Listening for wake word...
2024-10-05 18:39:33,309 - __main__ - INFO - Detected speech: alpha alpha
2024-10-05 18:39:33,309 - __main__ - INFO - Wake word detected! Starting processing pipeline...
2024-10-05 18:39:33,309 - __main__ - INFO - 
1. Capturing image...
2024-10-05 18:39:34,051 - __main__ - INFO - 
2. Detecting and processing text...
2024-10-05 18:39:34,576 - __main__ - INFO - 
3. Detecting objects...
2024-10-05 18:39:52,816 - audio_handler - INFO - Listening for speech...
2024-10-05 18:40:01,667 - audio_handler - INFO - Transcribed text: exit
2024-10-05 18:40:01,667 - __main__ - INFO - Resuming wake word detection...
2024-10-05 18:40:01,876 - audio_handler - INFO - Listening for wake word...
2024-10-05 18:40:15,798 - __main__ - INFO - Detected speech: alpha
2024-10-05 18:40:15,798 - __main__ - INFO - Wake word detected! Starting processing pipeline...
2024-10-05 18:40:15,798 - __main__ - INFO - 
1. Capturing image...
2024-10-05 18:40:15,818 - __main__ - INFO - 
2. Detecting and processing text...
2024-10-05 18:40:16,275 - __main__ - INFO - 
3. Detecting objects...
2024-10-05 18:40:25,950 - audio_handler - INFO - Listening for speech...
2024-10-05 18:41:08,639 - audio_handler - INFO - Transcribed text: now go on to the text conversation option
2024-10-05 18:41:26,107 - audio_handler - INFO - Listening for speech...
2024-10-05 18:42:49,496 - audio_handler - INFO - Transcribed text: Masi picture Golpo
2024-10-05 18:43:18,166 - audio_handler - INFO - Listening for speech...
2024-10-05 18:47:45,352 - __main__ - INFO - Shutdown initiated by user...
2024-10-05 18:47:45,352 - __main__ - INFO - 
Cleaning up resources...
2024-10-05 18:47:45,365 - audio_handler - INFO - Audio resources cleaned up successfully
2024-10-05 18:47:45,773 - __main__ - INFO - System shutdown complete!
2024-10-06 18:56:36,450 - __main__ - INFO - Initializing ALPHA Zero System...
2024-10-06 18:56:36,450 - __main__ - INFO - Initializing handlers...
2024-10-06 18:56:36,555 - comtypes.client._code_cache - INFO - Imported existing <module 'comtypes.gen' from 'C:\\project\\ALPHA-Zero\\venv\\lib\\site-packages\\comtypes\\gen\\__init__.py'>
2024-10-06 18:56:36,556 - comtypes.client._code_cache - INFO - Using writeable comtypes cache directory: 'C:\project\ALPHA-Zero\venv\lib\site-packages\comtypes\gen'
2024-10-06 18:56:37,222 - audio_handler - WARNING - No external microphone found, using default device
2024-10-06 18:56:37,243 - audio_handler - INFO - Adjusting for ambient noise...
2024-10-06 18:56:40,110 - audio_handler - INFO - Ambient noise adjustment complete
2024-10-06 18:57:04,274 - __main__ - INFO - System initialization complete!
2024-10-06 18:57:04,274 - __main__ - INFO - Listening for wake word 'alpha'...
2024-10-06 18:57:04,286 - audio_handler - INFO - Listening for wake word...
2024-10-06 18:57:11,358 - __main__ - INFO - Detected speech: alpha
2024-10-06 18:57:11,358 - __main__ - INFO - Wake word detected! Starting processing pipeline...
2024-10-06 18:57:11,358 - __main__ - INFO - 
1. Capturing image...
2024-10-06 18:57:12,130 - __main__ - INFO - 
2. Detecting and processing text...
2024-10-06 18:57:12,926 - __main__ - INFO - 
3. Detecting objects...
2024-10-06 18:57:29,073 - audio_handler - INFO - Listening for speech...
2024-10-06 18:57:32,737 - audio_handler - INFO - Transcribed text: Alpha
2024-10-06 18:58:16,527 - audio_handler - INFO - Listening for speech...
2024-10-06 18:58:25,648 - audio_handler - INFO - Transcribed text: it's a Rubik's Cube
2024-10-06 18:59:15,082 - __main__ - INFO - Shutdown initiated by user...
2024-10-06 18:59:15,082 - __main__ - INFO - 
Cleaning up resources...
2024-10-06 18:59:15,154 - audio_handler - INFO - Audio resources cleaned up successfully
2024-10-06 18:59:15,456 - __main__ - INFO - System shutdown complete!
2024-10-06 19:00:42,185 - __main__ - INFO - Initializing ALPHA Zero System...
2024-10-06 19:00:42,185 - __main__ - INFO - Initializing handlers...
2024-10-06 19:00:42,246 - comtypes.client._code_cache - INFO - Imported existing <module 'comtypes.gen' from 'C:\\project\\ALPHA-Zero\\venv\\lib\\site-packages\\comtypes\\gen\\__init__.py'>
2024-10-06 19:00:42,246 - comtypes.client._code_cache - INFO - Using writeable comtypes cache directory: 'C:\project\ALPHA-Zero\venv\lib\site-packages\comtypes\gen'
2024-10-06 19:00:42,662 - audio_handler - WARNING - No external microphone found, using default device
2024-10-06 19:00:42,763 - audio_handler - INFO - Adjusting for ambient noise...
2024-10-06 19:00:44,768 - audio_handler - INFO - Ambient noise adjustment complete
2024-10-06 19:01:09,111 - __main__ - INFO - System initialization complete!
2024-10-06 19:01:09,111 - __main__ - INFO - Listening for wake word 'alpha'...
2024-10-06 19:01:09,347 - audio_handler - INFO - Listening for wake word...
2024-10-06 19:01:12,559 - __main__ - INFO - Detected speech: alpha
2024-10-06 19:01:12,559 - __main__ - INFO - Wake word detected! Starting processing pipeline...
2024-10-06 19:01:12,559 - __main__ - INFO - 
1. Capturing image...
2024-10-06 19:01:13,282 - __main__ - INFO - 
2. Detecting and processing text...
2024-10-06 19:01:14,030 - __main__ - INFO - 
3. Detecting objects...
2024-10-06 19:01:27,389 - audio_handler - INFO - Listening for speech...
2024-10-06 19:01:36,391 - audio_handler - WARNING - Speech recognition could not understand the audio
2024-10-06 19:01:40,902 - audio_handler - INFO - Listening for speech...
2024-10-06 19:01:45,016 - audio_handler - INFO - Transcribed text: is it a square shape
2024-10-06 19:02:20,810 - __main__ - INFO - Shutdown initiated by user...
2024-10-06 19:02:20,810 - __main__ - INFO - 
Cleaning up resources...
2024-10-06 19:02:20,860 - audio_handler - INFO - Audio resources cleaned up successfully
2024-10-06 19:02:21,154 - __main__ - INFO - System shutdown complete!
2024-10-06 19:14:42,884 - __main__ - INFO - Initializing ALPHA Zero System...
2024-10-06 19:14:42,884 - __main__ - INFO - Initializing handlers...
2024-10-06 19:14:42,958 - comtypes.client._code_cache - INFO - Imported existing <module 'comtypes.gen' from 'C:\\project\\ALPHA-Zero\\venv\\lib\\site-packages\\comtypes\\gen\\__init__.py'>
2024-10-06 19:14:42,958 - comtypes.client._code_cache - INFO - Using writeable comtypes cache directory: 'C:\project\ALPHA-Zero\venv\lib\site-packages\comtypes\gen'
2024-10-06 19:14:43,400 - audio_handler - WARNING - No external microphone found, using default device
2024-10-06 19:14:43,510 - audio_handler - INFO - Adjusting for ambient noise...
2024-10-06 19:14:45,518 - audio_handler - INFO - Ambient noise adjustment complete
2024-10-06 19:15:09,930 - __main__ - INFO - System initialization complete!
2024-10-06 19:15:09,930 - __main__ - INFO - Listening for wake word 'alpha'...
2024-10-06 19:15:10,146 - audio_handler - INFO - Listening for wake word...
2024-10-06 19:15:13,970 - __main__ - INFO - Could not understand audio
2024-10-06 19:15:14,160 - audio_handler - INFO - Listening for wake word...
2024-10-06 19:15:19,091 - __main__ - INFO - Detected speech: alpha
2024-10-06 19:15:19,091 - __main__ - INFO - Wake word detected! Starting processing pipeline...
2024-10-06 19:15:19,091 - __main__ - INFO - 
1. Capturing image...
2024-10-06 19:15:19,845 - __main__ - INFO - 
2. Detecting and processing text...
2024-10-06 19:15:20,661 - __main__ - INFO - 
3. Detecting objects...
2024-10-06 19:15:36,087 - audio_handler - INFO - Listening for speech...
2024-10-06 19:15:42,517 - audio_handler - WARNING - Speech recognition could not understand the audio
2024-10-06 19:15:44,409 - __main__ - INFO - Shutdown initiated by user...
2024-10-06 19:15:44,409 - __main__ - INFO - 
Cleaning up resources...
2024-10-06 19:15:44,474 - audio_handler - INFO - Audio resources cleaned up successfully
2024-10-06 19:15:44,756 - __main__ - INFO - System shutdown complete!
2024-10-06 19:22:06,133 - __main__ - INFO - Initializing ALPHA Zero System...
2024-10-06 19:22:06,133 - __main__ - INFO - Initializing handlers...
2024-10-06 19:22:06,197 - comtypes.client._code_cache - INFO - Imported existing <module 'comtypes.gen' from 'C:\\project\\ALPHA-Zero\\venv\\lib\\site-packages\\comtypes\\gen\\__init__.py'>
2024-10-06 19:22:06,197 - comtypes.client._code_cache - INFO - Using writeable comtypes cache directory: 'C:\project\ALPHA-Zero\venv\lib\site-packages\comtypes\gen'
2024-10-06 19:22:06,637 - audio_handler - WARNING - No external microphone found, using default device
2024-10-06 19:22:06,824 - audio_handler - INFO - Adjusting for ambient noise...
2024-10-06 19:22:08,828 - audio_handler - INFO - Ambient noise adjustment complete
2024-10-06 19:22:35,114 - __main__ - INFO - System initialization complete!
2024-10-06 19:22:35,114 - __main__ - INFO - Listening for wake word 'alpha'...
2024-10-06 19:22:35,333 - audio_handler - INFO - Listening for wake word...
2024-10-06 19:22:38,577 - __main__ - INFO - Detected speech: alpha
2024-10-06 19:22:38,577 - __main__ - INFO - Wake word detected! Starting processing pipeline...
2024-10-06 19:22:38,577 - __main__ - INFO - 
1. Capturing image...
2024-10-06 19:22:39,333 - __main__ - INFO - 
2. Detecting and processing text...
2024-10-06 19:22:40,107 - __main__ - INFO - 
3. Detecting objects...
2024-10-06 19:22:48,544 - audio_handler - INFO - Listening for speech...
2024-10-06 19:22:55,296 - audio_handler - INFO - Transcribed text: what do you see in this image
2024-10-06 19:23:18,657 - audio_handler - INFO - Listening for speech...
2024-10-06 19:23:26,031 - audio_handler - WARNING - Speech recognition could not understand the audio
2024-10-06 19:23:30,616 - audio_handler - INFO - Listening for speech...
2024-10-06 19:23:34,880 - audio_handler - WARNING - Speech recognition could not understand the audio
2024-10-06 19:23:36,096 - __main__ - INFO - Shutdown initiated by user...
2024-10-06 19:23:36,097 - __main__ - INFO - 
Cleaning up resources...
2024-10-06 19:23:36,696 - audio_handler - INFO - Audio resources cleaned up successfully
2024-10-06 19:23:36,973 - __main__ - INFO - System shutdown complete!
2024-10-06 19:31:14,834 - __main__ - INFO - Initializing ALPHA Zero System...
2024-10-06 19:31:14,835 - __main__ - INFO - Initializing handlers...
2024-10-06 19:31:14,939 - comtypes.client._code_cache - INFO - Imported existing <module 'comtypes.gen' from 'C:\\project\\ALPHA-Zero\\venv\\lib\\site-packages\\comtypes\\gen\\__init__.py'>
2024-10-06 19:31:14,939 - comtypes.client._code_cache - INFO - Using writeable comtypes cache directory: 'C:\project\ALPHA-Zero\venv\lib\site-packages\comtypes\gen'
2024-10-06 19:31:15,437 - audio_handler - WARNING - No external microphone found, using default device
2024-10-06 19:31:15,690 - audio_handler - INFO - Adjusting for ambient noise...
2024-10-06 19:31:17,696 - audio_handler - INFO - Ambient noise adjustment complete
2024-10-06 19:31:50,469 - vision_handler - INFO - Initializing VisionHandler...
2024-10-06 19:31:50,470 - vision_handler - INFO - Loading YOLO model...
2024-10-06 19:31:50,633 - vision_handler - INFO - YOLO model loaded successfully.
2024-10-06 19:31:50,643 - __main__ - INFO - System initialization complete!
2024-10-06 19:31:50,643 - __main__ - INFO - Listening for wake word 'alpha'...
2024-10-06 19:31:50,935 - audio_handler - INFO - Listening for wake word...
2024-10-06 19:31:55,150 - __main__ - INFO - Detected speech: alpha
2024-10-06 19:31:55,152 - __main__ - INFO - Wake word detected! Starting processing pipeline...
2024-10-06 19:31:55,152 - __main__ - INFO - 
1. Capturing image...
2024-10-06 19:31:55,922 - __main__ - INFO - 
2. Detecting and processing text...
2024-10-06 19:31:55,923 - vision_handler - INFO - Starting text detection...
2024-10-06 19:31:55,923 - vision_handler - INFO - Input image shape: (768, 1024, 3), dtype: uint8
2024-10-06 19:31:57,002 - vision_handler - INFO - Detected text: ...
2024-10-06 19:31:57,023 - __main__ - INFO - 
3. Detecting objects...
2024-10-06 19:31:57,026 - vision_handler - INFO - Starting object detection...
2024-10-06 19:31:57,028 - vision_handler - INFO - Input image shape: (768, 1024, 3), dtype: uint8
2024-10-06 19:31:57,029 - vision_handler - INFO - Running YOLO detection...
2024-10-06 19:31:59,364 - vision_handler - INFO - Detected object: {'bbox': (267, 219, 885, 766), 'label': 'person', 'confidence': 0.8372189402580261}
2024-10-06 19:31:59,365 - vision_handler - INFO - Total objects detected: 1
2024-10-06 19:32:06,108 - audio_handler - INFO - Listening for speech...
2024-10-06 19:32:13,479 - audio_handler - INFO - Transcribed text: what else do you see see see see see in the image
2024-10-06 19:32:38,383 - audio_handler - INFO - Listening for speech...
2024-10-06 19:32:42,361 - audio_handler - WARNING - Speech recognition could not understand the audio
2024-10-06 19:32:46,974 - audio_handler - INFO - Listening for speech...
2024-10-06 19:32:51,470 - audio_handler - INFO - Transcribed text: abhi Bangla gaan gai
2024-10-06 19:33:27,455 - __main__ - INFO - Shutdown initiated by user...
2024-10-06 19:33:27,455 - __main__ - INFO - 
Cleaning up resources...
2024-10-06 19:33:27,502 - audio_handler - INFO - Audio resources cleaned up successfully
2024-10-06 19:33:27,808 - vision_handler - INFO - Cleaning up VisionHandler...
2024-10-06 19:33:27,839 - __main__ - INFO - System shutdown complete!
2024-10-06 20:20:28,327 - __main__ - INFO - Initializing ALPHA Zero System...
2024-10-06 20:20:28,328 - __main__ - INFO - Initializing handlers...
2024-10-06 20:20:28,401 - comtypes.client._code_cache - INFO - Imported existing <module 'comtypes.gen' from 'C:\\project\\ALPHA-Zero\\venv\\lib\\site-packages\\comtypes\\gen\\__init__.py'>
2024-10-06 20:20:28,402 - comtypes.client._code_cache - INFO - Using writeable comtypes cache directory: 'C:\project\ALPHA-Zero\venv\lib\site-packages\comtypes\gen'
2024-10-06 20:20:28,945 - audio_handler - WARNING - No external microphone found, using default device
2024-10-06 20:20:29,256 - audio_handler - INFO - Adjusting for ambient noise...
2024-10-06 20:20:31,263 - audio_handler - INFO - Ambient noise adjustment complete
2024-10-06 20:21:05,524 - vision_handler - INFO - Initializing VisionHandler...
2024-10-06 20:21:05,525 - vision_handler - INFO - Loading YOLO model...
2024-10-06 20:21:05,611 - vision_handler - INFO - YOLO model loaded successfully.
2024-10-06 20:21:05,624 - vision_handler - INFO - Translator initialized successfully.
2024-10-06 20:21:05,626 - nlp_handler - INFO - Initializing NLPHandler...
2024-10-06 20:21:05,626 - nlp_handler - INFO - Gemini model initialized successfully
2024-10-06 20:21:05,634 - __main__ - INFO - System initialization complete!
2024-10-06 20:21:05,635 - __main__ - INFO - Listening for wake word 'alpha'...
2024-10-06 20:21:05,875 - audio_handler - INFO - Listening for wake word...
2024-10-06 20:21:09,642 - __main__ - INFO - Detected speech: alpha
2024-10-06 20:21:09,643 - __main__ - INFO - Wake word detected! Starting processing pipeline...
2024-10-06 20:21:09,644 - __main__ - INFO - 
1. Capturing image...
2024-10-06 20:21:10,406 - __main__ - INFO - 
2. Detecting and processing text...
2024-10-06 20:21:10,406 - vision_handler - INFO - Starting text detection and processing...
2024-10-06 20:21:11,375 - __main__ - INFO - 
3. Detecting objects...
2024-10-06 20:21:11,375 - vision_handler - INFO - Starting object detection...
2024-10-06 20:21:12,989 - vision_handler - INFO - Detected object: {'bbox': (1, 306, 118, 765), 'label': 'person', 'confidence': 0.2728506624698639}
2024-10-06 20:21:43,512 - audio_handler - INFO - Listening for speech...
2024-10-06 20:21:47,637 - audio_handler - WARNING - Speech recognition could not understand the audio
2024-10-06 20:21:52,173 - audio_handler - INFO - Listening for speech...
2024-10-06 20:21:56,408 - audio_handler - INFO - Transcribed text: exit
2024-10-06 20:21:56,410 - __main__ - INFO - Resuming wake word detection...
2024-10-06 20:21:56,599 - audio_handler - INFO - Listening for wake word...
2024-10-06 20:22:00,652 - __main__ - INFO - Detected speech: alpha
2024-10-06 20:22:00,653 - __main__ - INFO - Wake word detected! Starting processing pipeline...
2024-10-06 20:22:00,653 - __main__ - INFO - 
1. Capturing image...
2024-10-06 20:22:00,661 - __main__ - INFO - 
2. Detecting and processing text...
2024-10-06 20:22:00,663 - vision_handler - INFO - Starting text detection and processing...
2024-10-06 20:22:03,012 - vision_handler - ERROR - Translation error: 'NoneType' object has no attribute 'group'
2024-10-06 20:22:03,848 - nlp_handler - INFO - Detected language: bn
2024-10-06 20:22:05,675 - nlp_handler - INFO - Translation successful
2024-10-06 20:22:07,468 - nlp_handler - INFO - Summary generation successful
2024-10-06 20:22:23,654 - __main__ - INFO - 
3. Detecting objects...
2024-10-06 20:22:23,655 - vision_handler - INFO - Starting object detection...
2024-10-06 20:22:23,936 - audio_handler - INFO - Listening for speech...
2024-10-06 20:22:29,477 - audio_handler - WARNING - Speech recognition could not understand the audio
2024-10-06 20:22:32,099 - __main__ - INFO - Shutdown initiated by user...
2024-10-06 20:22:32,100 - __main__ - INFO - 
Cleaning up resources...
2024-10-06 20:22:32,139 - audio_handler - INFO - Audio resources cleaned up successfully
2024-10-06 20:22:32,459 - vision_handler - INFO - Cleaning up VisionHandler...
2024-10-06 20:22:32,465 - nlp_handler - INFO - Cleaning up NLPHandler...
2024-10-06 20:22:32,473 - __main__ - INFO - System shutdown complete!
2024-10-06 20:26:09,958 - __main__ - INFO - Initializing ALPHA Zero System...
2024-10-06 20:26:09,958 - __main__ - INFO - Initializing handlers...
2024-10-06 20:26:10,017 - comtypes.client._code_cache - INFO - Imported existing <module 'comtypes.gen' from 'C:\\project\\ALPHA-Zero\\venv\\lib\\site-packages\\comtypes\\gen\\__init__.py'>
2024-10-06 20:26:10,017 - comtypes.client._code_cache - INFO - Using writeable comtypes cache directory: 'C:\project\ALPHA-Zero\venv\lib\site-packages\comtypes\gen'
2024-10-06 20:26:10,467 - audio_handler - WARNING - No external microphone found, using default device
2024-10-06 20:26:10,573 - audio_handler - INFO - Adjusting for ambient noise...
2024-10-06 20:26:12,577 - audio_handler - INFO - Ambient noise adjustment complete
2024-10-06 20:26:41,522 - vision_handler - INFO - Initializing VisionHandler...
2024-10-06 20:26:41,523 - vision_handler - INFO - Loading YOLO model...
2024-10-06 20:26:41,678 - vision_handler - INFO - YOLO model loaded successfully.
2024-10-06 20:26:41,706 - vision_handler - INFO - Translator initialized successfully.
2024-10-06 20:26:41,706 - nlp_handler - INFO - Initializing NLPHandler...
2024-10-06 20:26:41,706 - nlp_handler - INFO - Gemini model initialized successfully
2024-10-06 20:26:41,723 - __main__ - INFO - System initialization complete!
2024-10-06 20:26:41,723 - __main__ - INFO - Listening for wake word 'alpha'...
2024-10-06 20:26:41,974 - audio_handler - INFO - Listening for wake word...
2024-10-06 20:26:45,543 - __main__ - INFO - Detected speech: alpha
2024-10-06 20:26:45,544 - __main__ - INFO - Wake word detected! Starting processing pipeline...
2024-10-06 20:26:45,544 - __main__ - INFO - 
1. Capturing image...
2024-10-06 20:26:46,291 - __main__ - INFO - 
2. Detecting and processing text...
2024-10-06 20:26:46,291 - vision_handler - INFO - Starting text detection and processing...
2024-10-06 20:26:46,795 - __main__ - INFO - 
3. Detecting objects...
2024-10-06 20:26:46,795 - vision_handler - INFO - Starting object detection...
2024-10-06 20:26:48,205 - vision_handler - INFO - Detected object: {'bbox': (486, 349, 706, 697), 'label': 'person', 'confidence': 0.29071927070617676}
2024-10-06 20:26:48,205 - vision_handler - INFO - Detected object: {'bbox': (941, 326, 1023, 765), 'label': 'chair', 'confidence': 0.2829366624355316}
2024-10-06 20:27:21,143 - audio_handler - INFO - Listening for speech...
2024-10-06 20:27:27,148 - audio_handler - WARNING - Speech recognition could not understand the audio
2024-10-06 20:27:31,674 - audio_handler - INFO - Listening for speech...
2024-10-06 20:27:51,846 - audio_handler - INFO - Transcribed text: Bharat test program problem
2024-10-06 20:27:54,233 - __main__ - INFO - Shutdown initiated by user...
2024-10-06 20:27:54,233 - __main__ - INFO - 
Cleaning up resources...
2024-10-06 20:27:54,283 - audio_handler - INFO - Audio resources cleaned up successfully
2024-10-06 20:27:54,292 - vision_handler - INFO - Cleaning up VisionHandler...
2024-10-06 20:27:54,302 - nlp_handler - INFO - Cleaning up NLPHandler...
2024-10-06 20:27:54,310 - __main__ - INFO - System shutdown complete!
2024-10-06 20:28:51,998 - __main__ - INFO - Initializing ALPHA Zero System...
2024-10-06 20:28:51,998 - __main__ - INFO - Initializing handlers...
2024-10-06 20:28:52,061 - comtypes.client._code_cache - INFO - Imported existing <module 'comtypes.gen' from 'C:\\project\\ALPHA-Zero\\venv\\lib\\site-packages\\comtypes\\gen\\__init__.py'>
2024-10-06 20:28:52,062 - comtypes.client._code_cache - INFO - Using writeable comtypes cache directory: 'C:\project\ALPHA-Zero\venv\lib\site-packages\comtypes\gen'
2024-10-06 20:28:52,407 - audio_handler - WARNING - No external microphone found, using default device
2024-10-06 20:28:52,512 - audio_handler - INFO - Adjusting for ambient noise...
2024-10-06 20:28:54,518 - audio_handler - INFO - Ambient noise adjustment complete
2024-10-06 20:28:55,687 - vision_handler - INFO - Initializing VisionHandler...
2024-10-06 20:28:55,687 - vision_handler - INFO - Loading YOLO model...
2024-10-06 20:28:55,772 - vision_handler - INFO - YOLO model loaded successfully.
2024-10-06 20:28:55,784 - vision_handler - INFO - Translator initialized successfully.
2024-10-06 20:28:55,785 - nlp_handler - INFO - Initializing NLPHandler...
2024-10-06 20:28:55,785 - nlp_handler - INFO - Gemini model initialized successfully
2024-10-06 20:28:55,793 - __main__ - INFO - System initialization complete!
2024-10-06 20:28:55,794 - __main__ - INFO - Listening for wake word 'alpha'...
2024-10-06 20:28:55,898 - audio_handler - INFO - Listening for wake word...
2024-10-06 20:29:00,867 - __main__ - INFO - Detected speech: alpha
2024-10-06 20:29:00,868 - __main__ - INFO - Wake word detected! Starting processing pipeline...
2024-10-06 20:29:00,868 - __main__ - INFO - 
1. Capturing image...
2024-10-06 20:29:01,576 - __main__ - INFO - 
2. Detecting and processing text...
2024-10-06 20:29:01,579 - vision_handler - INFO - Starting text detection and processing...
2024-10-06 20:29:02,147 - __main__ - INFO - 
3. Detecting objects...
2024-10-06 20:29:02,147 - vision_handler - INFO - Starting object detection...
2024-10-06 20:29:03,529 - vision_handler - INFO - Detected object: {'bbox': (3, 122, 62, 188), 'label': 'sports ball', 'confidence': 0.8665459156036377}
2024-10-06 20:29:03,530 - vision_handler - INFO - Detected object: {'bbox': (156, 102, 237, 274), 'label': 'person', 'confidence': 0.4803716540336609}
2024-10-06 20:29:03,530 - vision_handler - INFO - Detected object: {'bbox': (323, 104, 374, 163), 'label': 'sports ball', 'confidence': 0.4540102779865265}
2024-10-06 20:29:03,530 - vision_handler - INFO - Detected object: {'bbox': (521, 1, 639, 476), 'label': 'person', 'confidence': 0.4251549541950226}
2024-10-06 20:29:25,412 - audio_handler - INFO - Listening for speech...
2024-10-06 20:30:07,859 - __main__ - INFO - Shutdown initiated by user...
2024-10-06 20:30:07,859 - __main__ - INFO - 
Cleaning up resources...
2024-10-06 20:30:07,862 - audio_handler - INFO - Audio resources cleaned up successfully
2024-10-06 20:30:08,200 - vision_handler - INFO - Cleaning up VisionHandler...
2024-10-06 20:30:08,207 - nlp_handler - INFO - Cleaning up NLPHandler...
2024-10-06 20:30:08,217 - __main__ - INFO - System shutdown complete!
